[0.021s] Invoking command in '/home/wilhem/NTNU_ROV_COM/sup_com/src/build/sup_com': CMAKE_PREFIX_PATH=${CMAKE_PREFIX_PATH}:/home/wilhem/ros2_ws/install/my_pkg_test:/opt/ros/humble /usr/bin/cmake --build /home/wilhem/NTNU_ROV_COM/sup_com/src/build/sup_com -- -j4 -l4
[0.089s] [ 75%] Built target listener
[0.090s] [ 75%] [32mBuilding CXX object CMakeFiles/nodeTalker.dir/src/publish_to_slave.cpp.o[0m
[0.090s] [ 75%] Built target talker
[0.090s] [ 87%] Built target masterListener
[6.207s] [100%] [32m[1mLinking CXX executable nodeTalker[0m
[6.474s] [100%] Built target nodeTalker
[6.486s] Invoked command in '/home/wilhem/NTNU_ROV_COM/sup_com/src/build/sup_com' returned '0': CMAKE_PREFIX_PATH=${CMAKE_PREFIX_PATH}:/home/wilhem/ros2_ws/install/my_pkg_test:/opt/ros/humble /usr/bin/cmake --build /home/wilhem/NTNU_ROV_COM/sup_com/src/build/sup_com -- -j4 -l4
[6.540s] Invoking command in '/home/wilhem/NTNU_ROV_COM/sup_com/src/build/sup_com': CMAKE_PREFIX_PATH=${CMAKE_PREFIX_PATH}:/home/wilhem/ros2_ws/install/my_pkg_test:/opt/ros/humble /usr/bin/cmake --install /home/wilhem/NTNU_ROV_COM/sup_com/src/build/sup_com
[6.548s] -- Install configuration: ""
[6.549s] -- Up-to-date: /home/wilhem/NTNU_ROV_COM/sup_com/src/install/sup_com/lib/sup_com/talker
[6.549s] -- Up-to-date: /home/wilhem/NTNU_ROV_COM/sup_com/src/install/sup_com/lib/sup_com/talker
[6.549s] -- Up-to-date: /home/wilhem/NTNU_ROV_COM/sup_com/src/install/sup_com/lib/sup_com/listener
[6.550s] -- Up-to-date: /home/wilhem/NTNU_ROV_COM/sup_com/src/install/sup_com/lib/sup_com/talker
[6.550s] -- Up-to-date: /home/wilhem/NTNU_ROV_COM/sup_com/src/install/sup_com/lib/sup_com/listener
[6.551s] -- Installing: /home/wilhem/NTNU_ROV_COM/sup_com/src/install/sup_com/lib/sup_com/nodeTalker
[6.552s] -- Set runtime path of "/home/wilhem/NTNU_ROV_COM/sup_com/src/install/sup_com/lib/sup_com/nodeTalker" to ""
[6.553s] -- Up-to-date: /home/wilhem/NTNU_ROV_COM/sup_com/src/install/sup_com/lib/sup_com/talker
[6.553s] -- Up-to-date: /home/wilhem/NTNU_ROV_COM/sup_com/src/install/sup_com/lib/sup_com/listener
[6.553s] -- Up-to-date: /home/wilhem/NTNU_ROV_COM/sup_com/src/install/sup_com/lib/sup_com/nodeTalker
[6.554s] -- Up-to-date: /home/wilhem/NTNU_ROV_COM/sup_com/src/install/sup_com/lib/sup_com/masterListener
[6.554s] -- Up-to-date: /home/wilhem/NTNU_ROV_COM/sup_com/src/install/sup_com/share/ament_index/resource_index/package_run_dependencies/sup_com
[6.554s] -- Up-to-date: /home/wilhem/NTNU_ROV_COM/sup_com/src/install/sup_com/share/ament_index/resource_index/parent_prefix_path/sup_com
[6.555s] -- Up-to-date: /home/wilhem/NTNU_ROV_COM/sup_com/src/install/sup_com/share/sup_com/environment/ament_prefix_path.sh
[6.555s] -- Up-to-date: /home/wilhem/NTNU_ROV_COM/sup_com/src/install/sup_com/share/sup_com/environment/ament_prefix_path.dsv
[6.555s] -- Up-to-date: /home/wilhem/NTNU_ROV_COM/sup_com/src/install/sup_com/share/sup_com/environment/path.sh
[6.555s] -- Up-to-date: /home/wilhem/NTNU_ROV_COM/sup_com/src/install/sup_com/share/sup_com/environment/path.dsv
[6.555s] -- Up-to-date: /home/wilhem/NTNU_ROV_COM/sup_com/src/install/sup_com/share/sup_com/local_setup.bash
[6.555s] -- Up-to-date: /home/wilhem/NTNU_ROV_COM/sup_com/src/install/sup_com/share/sup_com/local_setup.sh
[6.556s] -- Up-to-date: /home/wilhem/NTNU_ROV_COM/sup_com/src/install/sup_com/share/sup_com/local_setup.zsh
[6.556s] -- Up-to-date: /home/wilhem/NTNU_ROV_COM/sup_com/src/install/sup_com/share/sup_com/local_setup.dsv
[6.556s] -- Installing: /home/wilhem/NTNU_ROV_COM/sup_com/src/install/sup_com/share/sup_com/package.dsv
[6.556s] -- Up-to-date: /home/wilhem/NTNU_ROV_COM/sup_com/src/install/sup_com/share/ament_index/resource_index/packages/sup_com
[6.556s] -- Up-to-date: /home/wilhem/NTNU_ROV_COM/sup_com/src/install/sup_com/share/sup_com/cmake/sup_comConfig.cmake
[6.556s] -- Up-to-date: /home/wilhem/NTNU_ROV_COM/sup_com/src/install/sup_com/share/sup_com/cmake/sup_comConfig-version.cmake
[6.556s] -- Up-to-date: /home/wilhem/NTNU_ROV_COM/sup_com/src/install/sup_com/share/sup_com/package.xml
[6.558s] Invoked command in '/home/wilhem/NTNU_ROV_COM/sup_com/src/build/sup_com' returned '0': CMAKE_PREFIX_PATH=${CMAKE_PREFIX_PATH}:/home/wilhem/ros2_ws/install/my_pkg_test:/opt/ros/humble /usr/bin/cmake --install /home/wilhem/NTNU_ROV_COM/sup_com/src/build/sup_com
