[0.275s] DEBUG:colcon:Command line arguments: ['/usr/bin/colcon', 'build']
[0.275s] DEBUG:colcon:Parsed command line arguments: Namespace(log_base=None, log_level=None, verb_name='build', build_base='build', install_base='install', merge_install=False, symlink_install=False, test_result_base=None, continue_on_error=False, executor='parallel', parallel_workers=4, event_handlers=None, ignore_user_meta=False, metas=['./colcon.meta'], base_paths=['.'], packages_ignore=None, packages_ignore_regex=None, paths=None, packages_up_to=None, packages_up_to_regex=None, packages_above=None, packages_above_and_dependencies=None, packages_above_depth=None, packages_select_by_dep=None, packages_skip_by_dep=None, packages_skip_up_to=None, packages_select_build_failed=False, packages_skip_build_finished=False, packages_select_test_failures=False, packages_skip_test_passed=False, packages_select=None, packages_skip=None, packages_select_regex=None, packages_skip_regex=None, packages_start=None, packages_end=None, allow_overriding=[], cmake_args=None, cmake_target=None, cmake_target_skip_unavailable=False, cmake_clean_cache=False, cmake_clean_first=False, cmake_force_configure=False, ament_cmake_args=None, catkin_cmake_args=None, catkin_skip_building_tests=False, verb_parser=<colcon_defaults.argument_parser.defaults.DefaultArgumentsDecorator object at 0x7f45d65fe920>, verb_extension=<colcon_core.verb.build.BuildVerb object at 0x7f45d65fe3b0>, main=<bound method BuildVerb.main of <colcon_core.verb.build.BuildVerb object at 0x7f45d65fe3b0>>)
[0.316s] Level 1:colcon.colcon_core.package_discovery:discover_packages(colcon_meta) check parameters
[0.316s] Level 1:colcon.colcon_core.package_discovery:discover_packages(recursive) check parameters
[0.316s] Level 1:colcon.colcon_core.package_discovery:discover_packages(ignore) check parameters
[0.316s] Level 1:colcon.colcon_core.package_discovery:discover_packages(path) check parameters
[0.316s] Level 1:colcon.colcon_core.package_discovery:discover_packages(colcon_meta) discover
[0.316s] Level 1:colcon.colcon_core.package_discovery:discover_packages(recursive) discover
[0.317s] INFO:colcon.colcon_core.package_discovery:Crawling recursively for packages in '/home/wilhem/NTNU_ROV_COM/sup_com/src'
[0.317s] Level 1:colcon.colcon_core.package_identification:_identify(.) by extensions ['ignore', 'ignore_ament_install']
[0.317s] Level 1:colcon.colcon_core.package_identification:_identify(.) by extension 'ignore'
[0.317s] Level 1:colcon.colcon_core.package_identification:_identify(.) by extension 'ignore_ament_install'
[0.317s] Level 1:colcon.colcon_core.package_identification:_identify(.) by extensions ['colcon_pkg']
[0.317s] Level 1:colcon.colcon_core.package_identification:_identify(.) by extension 'colcon_pkg'
[0.317s] Level 1:colcon.colcon_core.package_identification:_identify(.) by extensions ['colcon_meta']
[0.317s] Level 1:colcon.colcon_core.package_identification:_identify(.) by extension 'colcon_meta'
[0.317s] Level 1:colcon.colcon_core.package_identification:_identify(.) by extensions ['ros']
[0.317s] Level 1:colcon.colcon_core.package_identification:_identify(.) by extension 'ros'
[0.336s] Level 1:colcon.colcon_core.package_identification:_identify(.) by extensions ['cmake', 'python']
[0.336s] Level 1:colcon.colcon_core.package_identification:_identify(.) by extension 'cmake'
[0.336s] Level 1:colcon.colcon_core.package_identification:_identify(.) by extension 'python'
[0.336s] Level 1:colcon.colcon_core.package_identification:_identify(.) by extensions ['python_setup_py']
[0.336s] Level 1:colcon.colcon_core.package_identification:_identify(.) by extension 'python_setup_py'
[0.336s] Level 1:colcon.colcon_core.package_identification:_identify(build) by extensions ['ignore', 'ignore_ament_install']
[0.336s] Level 1:colcon.colcon_core.package_identification:_identify(build) by extension 'ignore'
[0.336s] Level 1:colcon.colcon_core.package_identification:_identify(build) ignored
[0.336s] Level 1:colcon.colcon_core.package_identification:_identify(install) by extensions ['ignore', 'ignore_ament_install']
[0.337s] Level 1:colcon.colcon_core.package_identification:_identify(install) by extension 'ignore'
[0.337s] Level 1:colcon.colcon_core.package_identification:_identify(install) ignored
[0.337s] Level 1:colcon.colcon_core.package_identification:_identify(log) by extensions ['ignore', 'ignore_ament_install']
[0.337s] Level 1:colcon.colcon_core.package_identification:_identify(log) by extension 'ignore'
[0.337s] Level 1:colcon.colcon_core.package_identification:_identify(log) ignored
[0.337s] Level 1:colcon.colcon_core.package_identification:_identify(sup_com) by extensions ['ignore', 'ignore_ament_install']
[0.337s] Level 1:colcon.colcon_core.package_identification:_identify(sup_com) by extension 'ignore'
[0.337s] Level 1:colcon.colcon_core.package_identification:_identify(sup_com) by extension 'ignore_ament_install'
[0.337s] Level 1:colcon.colcon_core.package_identification:_identify(sup_com) by extensions ['colcon_pkg']
[0.337s] Level 1:colcon.colcon_core.package_identification:_identify(sup_com) by extension 'colcon_pkg'
[0.337s] Level 1:colcon.colcon_core.package_identification:_identify(sup_com) by extensions ['colcon_meta']
[0.338s] Level 1:colcon.colcon_core.package_identification:_identify(sup_com) by extension 'colcon_meta'
[0.338s] Level 1:colcon.colcon_core.package_identification:_identify(sup_com) by extensions ['ros']
[0.338s] Level 1:colcon.colcon_core.package_identification:_identify(sup_com) by extension 'ros'
[0.342s] DEBUG:colcon.colcon_core.package_identification:Package 'sup_com' with type 'ros.ament_cmake' and name 'sup_com'
[0.342s] Level 1:colcon.colcon_core.package_discovery:discover_packages(recursive) using defaults
[0.342s] Level 1:colcon.colcon_core.package_discovery:discover_packages(ignore) discover
[0.342s] Level 1:colcon.colcon_core.package_discovery:discover_packages(ignore) using defaults
[0.342s] Level 1:colcon.colcon_core.package_discovery:discover_packages(path) discover
[0.342s] Level 1:colcon.colcon_core.package_discovery:discover_packages(path) using defaults
[0.382s] Level 1:colcon.colcon_core.package_discovery:discover_packages(prefix_path) check parameters
[0.383s] Level 1:colcon.colcon_core.package_discovery:discover_packages(prefix_path) discover
[0.387s] DEBUG:colcon.colcon_installed_package_information.package_discovery:Found 1 installed packages in /home/wilhem/NTNU_ROV_COM/sup_com/src/install
[0.388s] DEBUG:colcon.colcon_installed_package_information.package_discovery:Found 1 installed packages in /home/wilhem/ros2_ws/install
[0.392s] DEBUG:colcon.colcon_installed_package_information.package_discovery:Found 270 installed packages in /opt/ros/humble
[0.395s] Level 1:colcon.colcon_core.package_discovery:discover_packages(prefix_path) using defaults
[0.506s] Level 5:colcon.colcon_core.verb:set package 'sup_com' build argument 'cmake_args' from command line to 'None'
[0.506s] Level 5:colcon.colcon_core.verb:set package 'sup_com' build argument 'cmake_target' from command line to 'None'
[0.506s] Level 5:colcon.colcon_core.verb:set package 'sup_com' build argument 'cmake_target_skip_unavailable' from command line to 'False'
[0.506s] Level 5:colcon.colcon_core.verb:set package 'sup_com' build argument 'cmake_clean_cache' from command line to 'False'
[0.506s] Level 5:colcon.colcon_core.verb:set package 'sup_com' build argument 'cmake_clean_first' from command line to 'False'
[0.507s] Level 5:colcon.colcon_core.verb:set package 'sup_com' build argument 'cmake_force_configure' from command line to 'False'
[0.507s] Level 5:colcon.colcon_core.verb:set package 'sup_com' build argument 'ament_cmake_args' from command line to 'None'
[0.507s] Level 5:colcon.colcon_core.verb:set package 'sup_com' build argument 'catkin_cmake_args' from command line to 'None'
[0.507s] Level 5:colcon.colcon_core.verb:set package 'sup_com' build argument 'catkin_skip_building_tests' from command line to 'False'
[0.507s] DEBUG:colcon.colcon_core.verb:Building package 'sup_com' with the following arguments: {'ament_cmake_args': None, 'build_base': '/home/wilhem/NTNU_ROV_COM/sup_com/src/build/sup_com', 'catkin_cmake_args': None, 'catkin_skip_building_tests': False, 'cmake_args': None, 'cmake_clean_cache': False, 'cmake_clean_first': False, 'cmake_force_configure': False, 'cmake_target': None, 'cmake_target_skip_unavailable': False, 'install_base': '/home/wilhem/NTNU_ROV_COM/sup_com/src/install/sup_com', 'merge_install': False, 'path': '/home/wilhem/NTNU_ROV_COM/sup_com/src/sup_com', 'symlink_install': False, 'test_result_base': None}
[0.508s] INFO:colcon.colcon_core.executor:Executing jobs using 'parallel' executor
[0.514s] DEBUG:colcon.colcon_parallel_executor.executor.parallel:run_until_complete
[0.514s] INFO:colcon.colcon_ros.task.ament_cmake.build:Building ROS package in '/home/wilhem/NTNU_ROV_COM/sup_com/src/sup_com' with build type 'ament_cmake'
[0.514s] INFO:colcon.colcon_cmake.task.cmake.build:Building CMake package in '/home/wilhem/NTNU_ROV_COM/sup_com/src/sup_com'
[0.521s] INFO:colcon.colcon_core.plugin_system:Skipping extension 'colcon_core.shell.bat': Not used on non-Windows systems
[0.521s] INFO:colcon.colcon_core.shell:Skip shell extension 'powershell' for command environment: Not usable outside of PowerShell
[0.521s] DEBUG:colcon.colcon_core.shell:Skip shell extension 'dsv' for command environment
[0.542s] DEBUG:colcon.colcon_core.event_handler.log_command:Invoking command in '/home/wilhem/NTNU_ROV_COM/sup_com/src/build/sup_com': CMAKE_PREFIX_PATH=${CMAKE_PREFIX_PATH}:/home/wilhem/ros2_ws/install/my_pkg_test:/opt/ros/humble /usr/bin/cmake --build /home/wilhem/NTNU_ROV_COM/sup_com/src/build/sup_com -- -j4 -l4
[15.638s] DEBUG:colcon.colcon_core.event_handler.log_command:Invoked command in '/home/wilhem/NTNU_ROV_COM/sup_com/src/build/sup_com' returned '0': CMAKE_PREFIX_PATH=${CMAKE_PREFIX_PATH}:/home/wilhem/ros2_ws/install/my_pkg_test:/opt/ros/humble /usr/bin/cmake --build /home/wilhem/NTNU_ROV_COM/sup_com/src/build/sup_com -- -j4 -l4
[15.698s] DEBUG:colcon.colcon_core.event_handler.log_command:Invoking command in '/home/wilhem/NTNU_ROV_COM/sup_com/src/build/sup_com': CMAKE_PREFIX_PATH=${CMAKE_PREFIX_PATH}:/home/wilhem/ros2_ws/install/my_pkg_test:/opt/ros/humble /usr/bin/cmake --install /home/wilhem/NTNU_ROV_COM/sup_com/src/build/sup_com
[15.724s] Level 1:colcon.colcon_core.environment:create_environment_scripts_only(sup_com)
[15.727s] DEBUG:colcon.colcon_core.event_handler.log_command:Invoked command in '/home/wilhem/NTNU_ROV_COM/sup_com/src/build/sup_com' returned '0': CMAKE_PREFIX_PATH=${CMAKE_PREFIX_PATH}:/home/wilhem/ros2_ws/install/my_pkg_test:/opt/ros/humble /usr/bin/cmake --install /home/wilhem/NTNU_ROV_COM/sup_com/src/build/sup_com
[15.733s] Level 1:colcon.colcon_core.environment:checking '/home/wilhem/NTNU_ROV_COM/sup_com/src/install/sup_com' for CMake module files
[15.734s] Level 1:colcon.colcon_core.environment:checking '/home/wilhem/NTNU_ROV_COM/sup_com/src/install/sup_com' for CMake config files
[15.734s] Level 1:colcon.colcon_core.shell:create_environment_hook('sup_com', 'cmake_prefix_path')
[15.737s] INFO:colcon.colcon_core.shell:Creating environment hook '/home/wilhem/NTNU_ROV_COM/sup_com/src/install/sup_com/share/sup_com/hook/cmake_prefix_path.ps1'
[15.738s] INFO:colcon.colcon_core.shell:Creating environment descriptor '/home/wilhem/NTNU_ROV_COM/sup_com/src/install/sup_com/share/sup_com/hook/cmake_prefix_path.dsv'
[15.739s] INFO:colcon.colcon_core.shell:Creating environment hook '/home/wilhem/NTNU_ROV_COM/sup_com/src/install/sup_com/share/sup_com/hook/cmake_prefix_path.sh'
[15.741s] Level 1:colcon.colcon_core.environment:checking '/home/wilhem/NTNU_ROV_COM/sup_com/src/install/sup_com/lib'
[15.741s] Level 1:colcon.colcon_core.environment:checking '/home/wilhem/NTNU_ROV_COM/sup_com/src/install/sup_com/bin'
[15.741s] Level 1:colcon.colcon_core.environment:checking '/home/wilhem/NTNU_ROV_COM/sup_com/src/install/sup_com/lib/pkgconfig/sup_com.pc'
[15.741s] Level 1:colcon.colcon_core.environment:checking '/home/wilhem/NTNU_ROV_COM/sup_com/src/install/sup_com/lib/python3.10/site-packages'
[15.742s] Level 1:colcon.colcon_core.environment:checking '/home/wilhem/NTNU_ROV_COM/sup_com/src/install/sup_com/bin'
[15.745s] INFO:colcon.colcon_core.shell:Creating package script '/home/wilhem/NTNU_ROV_COM/sup_com/src/install/sup_com/share/sup_com/package.ps1'
[15.746s] INFO:colcon.colcon_core.shell:Creating package descriptor '/home/wilhem/NTNU_ROV_COM/sup_com/src/install/sup_com/share/sup_com/package.dsv'
[15.747s] INFO:colcon.colcon_core.shell:Creating package script '/home/wilhem/NTNU_ROV_COM/sup_com/src/install/sup_com/share/sup_com/package.sh'
[15.748s] INFO:colcon.colcon_core.shell:Creating package script '/home/wilhem/NTNU_ROV_COM/sup_com/src/install/sup_com/share/sup_com/package.bash'
[15.750s] INFO:colcon.colcon_core.shell:Creating package script '/home/wilhem/NTNU_ROV_COM/sup_com/src/install/sup_com/share/sup_com/package.zsh'
[15.751s] Level 1:colcon.colcon_core.environment:create_file_with_runtime_dependencies(/home/wilhem/NTNU_ROV_COM/sup_com/src/install/sup_com/share/colcon-core/packages/sup_com)
[15.803s] Level 1:colcon.colcon_core.environment:create_environment_scripts_only(sup_com)
[15.808s] Level 1:colcon.colcon_core.environment:checking '/home/wilhem/NTNU_ROV_COM/sup_com/src/install/sup_com' for CMake module files
[15.809s] Level 1:colcon.colcon_core.environment:checking '/home/wilhem/NTNU_ROV_COM/sup_com/src/install/sup_com' for CMake config files
[15.809s] Level 1:colcon.colcon_core.shell:create_environment_hook('sup_com', 'cmake_prefix_path')
[15.812s] INFO:colcon.colcon_core.shell:Creating environment hook '/home/wilhem/NTNU_ROV_COM/sup_com/src/install/sup_com/share/sup_com/hook/cmake_prefix_path.ps1'
[15.812s] INFO:colcon.colcon_core.shell:Creating environment descriptor '/home/wilhem/NTNU_ROV_COM/sup_com/src/install/sup_com/share/sup_com/hook/cmake_prefix_path.dsv'
[15.813s] INFO:colcon.colcon_core.shell:Creating environment hook '/home/wilhem/NTNU_ROV_COM/sup_com/src/install/sup_com/share/sup_com/hook/cmake_prefix_path.sh'
[15.813s] Level 1:colcon.colcon_core.environment:checking '/home/wilhem/NTNU_ROV_COM/sup_com/src/install/sup_com/lib'
[15.814s] Level 1:colcon.colcon_core.environment:checking '/home/wilhem/NTNU_ROV_COM/sup_com/src/install/sup_com/bin'
[15.814s] Level 1:colcon.colcon_core.environment:checking '/home/wilhem/NTNU_ROV_COM/sup_com/src/install/sup_com/lib/pkgconfig/sup_com.pc'
[15.815s] Level 1:colcon.colcon_core.environment:checking '/home/wilhem/NTNU_ROV_COM/sup_com/src/install/sup_com/lib/python3.10/site-packages'
[15.815s] Level 1:colcon.colcon_core.environment:checking '/home/wilhem/NTNU_ROV_COM/sup_com/src/install/sup_com/bin'
[15.818s] INFO:colcon.colcon_core.shell:Creating package script '/home/wilhem/NTNU_ROV_COM/sup_com/src/install/sup_com/share/sup_com/package.ps1'
[15.819s] INFO:colcon.colcon_core.shell:Creating package descriptor '/home/wilhem/NTNU_ROV_COM/sup_com/src/install/sup_com/share/sup_com/package.dsv'
[15.820s] INFO:colcon.colcon_core.shell:Creating package script '/home/wilhem/NTNU_ROV_COM/sup_com/src/install/sup_com/share/sup_com/package.sh'
[15.820s] INFO:colcon.colcon_core.shell:Creating package script '/home/wilhem/NTNU_ROV_COM/sup_com/src/install/sup_com/share/sup_com/package.bash'
[15.821s] INFO:colcon.colcon_core.shell:Creating package script '/home/wilhem/NTNU_ROV_COM/sup_com/src/install/sup_com/share/sup_com/package.zsh'
[15.821s] Level 1:colcon.colcon_core.environment:create_file_with_runtime_dependencies(/home/wilhem/NTNU_ROV_COM/sup_com/src/install/sup_com/share/colcon-core/packages/sup_com)
[15.822s] DEBUG:colcon.colcon_parallel_executor.executor.parallel:closing loop
[15.822s] DEBUG:colcon.colcon_parallel_executor.executor.parallel:loop closed
[15.823s] DEBUG:colcon.colcon_parallel_executor.executor.parallel:run_until_complete finished with '0'
[15.823s] DEBUG:colcon.colcon_core.event_reactor:joining thread
[15.836s] INFO:colcon.colcon_core.plugin_system:Skipping extension 'colcon_notification.desktop_notification.terminal_notifier': Not used on non-Darwin systems
[15.836s] INFO:colcon.colcon_core.plugin_system:Skipping extension 'colcon_notification.desktop_notification.win32': Not used on non-Windows systems
[15.836s] INFO:colcon.colcon_notification.desktop_notification:Sending desktop notification using 'notify2'
[15.855s] DEBUG:colcon.colcon_core.event_reactor:joined thread
[15.858s] INFO:colcon.colcon_core.shell:Creating prefix script '/home/wilhem/NTNU_ROV_COM/sup_com/src/install/local_setup.ps1'
[15.860s] INFO:colcon.colcon_core.shell:Creating prefix util module '/home/wilhem/NTNU_ROV_COM/sup_com/src/install/_local_setup_util_ps1.py'
[15.867s] INFO:colcon.colcon_core.shell:Creating prefix chain script '/home/wilhem/NTNU_ROV_COM/sup_com/src/install/setup.ps1'
[15.870s] INFO:colcon.colcon_core.shell:Creating prefix script '/home/wilhem/NTNU_ROV_COM/sup_com/src/install/local_setup.sh'
[15.871s] INFO:colcon.colcon_core.shell:Creating prefix util module '/home/wilhem/NTNU_ROV_COM/sup_com/src/install/_local_setup_util_sh.py'
[15.872s] INFO:colcon.colcon_core.shell:Creating prefix chain script '/home/wilhem/NTNU_ROV_COM/sup_com/src/install/setup.sh'
[15.875s] INFO:colcon.colcon_core.shell:Creating prefix script '/home/wilhem/NTNU_ROV_COM/sup_com/src/install/local_setup.bash'
[15.877s] INFO:colcon.colcon_core.shell:Creating prefix chain script '/home/wilhem/NTNU_ROV_COM/sup_com/src/install/setup.bash'
[15.881s] INFO:colcon.colcon_core.shell:Creating prefix script '/home/wilhem/NTNU_ROV_COM/sup_com/src/install/local_setup.zsh'
[15.882s] INFO:colcon.colcon_core.shell:Creating prefix chain script '/home/wilhem/NTNU_ROV_COM/sup_com/src/install/setup.zsh'
