[0.297s] DEBUG:colcon:Command line arguments: ['/usr/bin/colcon', 'build']
[0.297s] DEBUG:colcon:Parsed command line arguments: Namespace(log_base=None, log_level=None, verb_name='build', build_base='build', install_base='install', merge_install=False, symlink_install=False, test_result_base=None, continue_on_error=False, executor='parallel', parallel_workers=4, event_handlers=None, ignore_user_meta=False, metas=['./colcon.meta'], base_paths=['.'], packages_ignore=None, packages_ignore_regex=None, paths=None, packages_up_to=None, packages_up_to_regex=None, packages_above=None, packages_above_and_dependencies=None, packages_above_depth=None, packages_select_by_dep=None, packages_skip_by_dep=None, packages_skip_up_to=None, packages_select_build_failed=False, packages_skip_build_finished=False, packages_select_test_failures=False, packages_skip_test_passed=False, packages_select=None, packages_skip=None, packages_select_regex=None, packages_skip_regex=None, packages_start=None, packages_end=None, allow_overriding=[], cmake_args=None, cmake_target=None, cmake_target_skip_unavailable=False, cmake_clean_cache=False, cmake_clean_first=False, cmake_force_configure=False, ament_cmake_args=None, catkin_cmake_args=None, catkin_skip_building_tests=False, verb_parser=<colcon_defaults.argument_parser.defaults.DefaultArgumentsDecorator object at 0x7f86e24c2830>, verb_extension=<colcon_core.verb.build.BuildVerb object at 0x7f86e24c22c0>, main=<bound method BuildVerb.main of <colcon_core.verb.build.BuildVerb object at 0x7f86e24c22c0>>)
[0.371s] Level 1:colcon.colcon_core.package_discovery:discover_packages(colcon_meta) check parameters
[0.371s] Level 1:colcon.colcon_core.package_discovery:discover_packages(recursive) check parameters
[0.371s] Level 1:colcon.colcon_core.package_discovery:discover_packages(ignore) check parameters
[0.371s] Level 1:colcon.colcon_core.package_discovery:discover_packages(path) check parameters
[0.371s] Level 1:colcon.colcon_core.package_discovery:discover_packages(colcon_meta) discover
[0.371s] Level 1:colcon.colcon_core.package_discovery:discover_packages(recursive) discover
[0.371s] INFO:colcon.colcon_core.package_discovery:Crawling recursively for packages in '/home/wilhem/NTNU_ROV_COM/sup_com/src'
[0.371s] Level 1:colcon.colcon_core.package_identification:_identify(.) by extensions ['ignore', 'ignore_ament_install']
[0.371s] Level 1:colcon.colcon_core.package_identification:_identify(.) by extension 'ignore'
[0.371s] Level 1:colcon.colcon_core.package_identification:_identify(.) by extension 'ignore_ament_install'
[0.372s] Level 1:colcon.colcon_core.package_identification:_identify(.) by extensions ['colcon_pkg']
[0.372s] Level 1:colcon.colcon_core.package_identification:_identify(.) by extension 'colcon_pkg'
[0.372s] Level 1:colcon.colcon_core.package_identification:_identify(.) by extensions ['colcon_meta']
[0.372s] Level 1:colcon.colcon_core.package_identification:_identify(.) by extension 'colcon_meta'
[0.372s] Level 1:colcon.colcon_core.package_identification:_identify(.) by extensions ['ros']
[0.372s] Level 1:colcon.colcon_core.package_identification:_identify(.) by extension 'ros'
[0.394s] Level 1:colcon.colcon_core.package_identification:_identify(.) by extensions ['cmake', 'python']
[0.395s] Level 1:colcon.colcon_core.package_identification:_identify(.) by extension 'cmake'
[0.395s] Level 1:colcon.colcon_core.package_identification:_identify(.) by extension 'python'
[0.395s] Level 1:colcon.colcon_core.package_identification:_identify(.) by extensions ['python_setup_py']
[0.395s] Level 1:colcon.colcon_core.package_identification:_identify(.) by extension 'python_setup_py'
[0.395s] Level 1:colcon.colcon_core.package_identification:_identify(build) by extensions ['ignore', 'ignore_ament_install']
[0.395s] Level 1:colcon.colcon_core.package_identification:_identify(build) by extension 'ignore'
[0.395s] Level 1:colcon.colcon_core.package_identification:_identify(build) ignored
[0.395s] Level 1:colcon.colcon_core.package_identification:_identify(install) by extensions ['ignore', 'ignore_ament_install']
[0.395s] Level 1:colcon.colcon_core.package_identification:_identify(install) by extension 'ignore'
[0.396s] Level 1:colcon.colcon_core.package_identification:_identify(install) ignored
[0.396s] Level 1:colcon.colcon_core.package_identification:_identify(log) by extensions ['ignore', 'ignore_ament_install']
[0.396s] Level 1:colcon.colcon_core.package_identification:_identify(log) by extension 'ignore'
[0.396s] Level 1:colcon.colcon_core.package_identification:_identify(log) ignored
[0.396s] Level 1:colcon.colcon_core.package_identification:_identify(sup_com) by extensions ['ignore', 'ignore_ament_install']
[0.396s] Level 1:colcon.colcon_core.package_identification:_identify(sup_com) by extension 'ignore'
[0.396s] Level 1:colcon.colcon_core.package_identification:_identify(sup_com) by extension 'ignore_ament_install'
[0.396s] Level 1:colcon.colcon_core.package_identification:_identify(sup_com) by extensions ['colcon_pkg']
[0.396s] Level 1:colcon.colcon_core.package_identification:_identify(sup_com) by extension 'colcon_pkg'
[0.396s] Level 1:colcon.colcon_core.package_identification:_identify(sup_com) by extensions ['colcon_meta']
[0.396s] Level 1:colcon.colcon_core.package_identification:_identify(sup_com) by extension 'colcon_meta'
[0.397s] Level 1:colcon.colcon_core.package_identification:_identify(sup_com) by extensions ['ros']
[0.397s] Level 1:colcon.colcon_core.package_identification:_identify(sup_com) by extension 'ros'
[0.401s] DEBUG:colcon.colcon_core.package_identification:Package 'sup_com' with type 'ros.ament_cmake' and name 'sup_com'
[0.401s] Level 1:colcon.colcon_core.package_discovery:discover_packages(recursive) using defaults
[0.401s] Level 1:colcon.colcon_core.package_discovery:discover_packages(ignore) discover
[0.401s] Level 1:colcon.colcon_core.package_discovery:discover_packages(ignore) using defaults
[0.401s] Level 1:colcon.colcon_core.package_discovery:discover_packages(path) discover
[0.401s] Level 1:colcon.colcon_core.package_discovery:discover_packages(path) using defaults
[0.441s] Level 1:colcon.colcon_core.package_discovery:discover_packages(prefix_path) check parameters
[0.441s] Level 1:colcon.colcon_core.package_discovery:discover_packages(prefix_path) discover
[0.445s] DEBUG:colcon.colcon_installed_package_information.package_discovery:Found 1 installed packages in /home/wilhem/NTNU_ROV_COM/sup_com/src/install
[0.446s] DEBUG:colcon.colcon_installed_package_information.package_discovery:Found 1 installed packages in /home/wilhem/ros2_ws/install
[0.450s] DEBUG:colcon.colcon_installed_package_information.package_discovery:Found 270 installed packages in /opt/ros/humble
[0.453s] Level 1:colcon.colcon_core.package_discovery:discover_packages(prefix_path) using defaults
[0.563s] Level 5:colcon.colcon_core.verb:set package 'sup_com' build argument 'cmake_args' from command line to 'None'
[0.563s] Level 5:colcon.colcon_core.verb:set package 'sup_com' build argument 'cmake_target' from command line to 'None'
[0.563s] Level 5:colcon.colcon_core.verb:set package 'sup_com' build argument 'cmake_target_skip_unavailable' from command line to 'False'
[0.563s] Level 5:colcon.colcon_core.verb:set package 'sup_com' build argument 'cmake_clean_cache' from command line to 'False'
[0.563s] Level 5:colcon.colcon_core.verb:set package 'sup_com' build argument 'cmake_clean_first' from command line to 'False'
[0.563s] Level 5:colcon.colcon_core.verb:set package 'sup_com' build argument 'cmake_force_configure' from command line to 'False'
[0.563s] Level 5:colcon.colcon_core.verb:set package 'sup_com' build argument 'ament_cmake_args' from command line to 'None'
[0.563s] Level 5:colcon.colcon_core.verb:set package 'sup_com' build argument 'catkin_cmake_args' from command line to 'None'
[0.563s] Level 5:colcon.colcon_core.verb:set package 'sup_com' build argument 'catkin_skip_building_tests' from command line to 'False'
[0.563s] DEBUG:colcon.colcon_core.verb:Building package 'sup_com' with the following arguments: {'ament_cmake_args': None, 'build_base': '/home/wilhem/NTNU_ROV_COM/sup_com/src/build/sup_com', 'catkin_cmake_args': None, 'catkin_skip_building_tests': False, 'cmake_args': None, 'cmake_clean_cache': False, 'cmake_clean_first': False, 'cmake_force_configure': False, 'cmake_target': None, 'cmake_target_skip_unavailable': False, 'install_base': '/home/wilhem/NTNU_ROV_COM/sup_com/src/install/sup_com', 'merge_install': False, 'path': '/home/wilhem/NTNU_ROV_COM/sup_com/src/sup_com', 'symlink_install': False, 'test_result_base': None}
[0.564s] INFO:colcon.colcon_core.executor:Executing jobs using 'parallel' executor
[0.571s] DEBUG:colcon.colcon_parallel_executor.executor.parallel:run_until_complete
[0.571s] INFO:colcon.colcon_ros.task.ament_cmake.build:Building ROS package in '/home/wilhem/NTNU_ROV_COM/sup_com/src/sup_com' with build type 'ament_cmake'
[0.571s] INFO:colcon.colcon_cmake.task.cmake.build:Building CMake package in '/home/wilhem/NTNU_ROV_COM/sup_com/src/sup_com'
[0.578s] INFO:colcon.colcon_core.plugin_system:Skipping extension 'colcon_core.shell.bat': Not used on non-Windows systems
[0.578s] INFO:colcon.colcon_core.shell:Skip shell extension 'powershell' for command environment: Not usable outside of PowerShell
[0.578s] DEBUG:colcon.colcon_core.shell:Skip shell extension 'dsv' for command environment
[0.597s] DEBUG:colcon.colcon_core.event_handler.log_command:Invoking command in '/home/wilhem/NTNU_ROV_COM/sup_com/src/build/sup_com': CMAKE_PREFIX_PATH=${CMAKE_PREFIX_PATH}:/home/wilhem/ros2_ws/install/my_pkg_test:/opt/ros/humble /usr/bin/cmake --build /home/wilhem/NTNU_ROV_COM/sup_com/src/build/sup_com -- -j4 -l4
[0.711s] DEBUG:colcon.colcon_core.event_handler.log_command:Invoked command in '/home/wilhem/NTNU_ROV_COM/sup_com/src/build/sup_com' returned '0': CMAKE_PREFIX_PATH=${CMAKE_PREFIX_PATH}:/home/wilhem/ros2_ws/install/my_pkg_test:/opt/ros/humble /usr/bin/cmake --build /home/wilhem/NTNU_ROV_COM/sup_com/src/build/sup_com -- -j4 -l4
[0.758s] DEBUG:colcon.colcon_core.event_handler.log_command:Invoking command in '/home/wilhem/NTNU_ROV_COM/sup_com/src/build/sup_com': CMAKE_PREFIX_PATH=${CMAKE_PREFIX_PATH}:/home/wilhem/ros2_ws/install/my_pkg_test:/opt/ros/humble /usr/bin/cmake --install /home/wilhem/NTNU_ROV_COM/sup_com/src/build/sup_com
[0.775s] Level 1:colcon.colcon_core.environment:create_environment_scripts_only(sup_com)
[0.783s] DEBUG:colcon.colcon_core.event_handler.log_command:Invoked command in '/home/wilhem/NTNU_ROV_COM/sup_com/src/build/sup_com' returned '0': CMAKE_PREFIX_PATH=${CMAKE_PREFIX_PATH}:/home/wilhem/ros2_ws/install/my_pkg_test:/opt/ros/humble /usr/bin/cmake --install /home/wilhem/NTNU_ROV_COM/sup_com/src/build/sup_com
[0.789s] Level 1:colcon.colcon_core.environment:checking '/home/wilhem/NTNU_ROV_COM/sup_com/src/install/sup_com' for CMake module files
[0.790s] Level 1:colcon.colcon_core.environment:checking '/home/wilhem/NTNU_ROV_COM/sup_com/src/install/sup_com' for CMake config files
[0.790s] Level 1:colcon.colcon_core.shell:create_environment_hook('sup_com', 'cmake_prefix_path')
[0.793s] INFO:colcon.colcon_core.shell:Creating environment hook '/home/wilhem/NTNU_ROV_COM/sup_com/src/install/sup_com/share/sup_com/hook/cmake_prefix_path.ps1'
[0.794s] INFO:colcon.colcon_core.shell:Creating environment descriptor '/home/wilhem/NTNU_ROV_COM/sup_com/src/install/sup_com/share/sup_com/hook/cmake_prefix_path.dsv'
[0.794s] INFO:colcon.colcon_core.shell:Creating environment hook '/home/wilhem/NTNU_ROV_COM/sup_com/src/install/sup_com/share/sup_com/hook/cmake_prefix_path.sh'
[0.796s] Level 1:colcon.colcon_core.environment:checking '/home/wilhem/NTNU_ROV_COM/sup_com/src/install/sup_com/lib'
[0.796s] Level 1:colcon.colcon_core.environment:checking '/home/wilhem/NTNU_ROV_COM/sup_com/src/install/sup_com/bin'
[0.796s] Level 1:colcon.colcon_core.environment:checking '/home/wilhem/NTNU_ROV_COM/sup_com/src/install/sup_com/lib/pkgconfig/sup_com.pc'
[0.796s] Level 1:colcon.colcon_core.environment:checking '/home/wilhem/NTNU_ROV_COM/sup_com/src/install/sup_com/lib/python3.10/site-packages'
[0.797s] Level 1:colcon.colcon_core.environment:checking '/home/wilhem/NTNU_ROV_COM/sup_com/src/install/sup_com/bin'
[0.800s] INFO:colcon.colcon_core.shell:Creating package script '/home/wilhem/NTNU_ROV_COM/sup_com/src/install/sup_com/share/sup_com/package.ps1'
[0.801s] INFO:colcon.colcon_core.shell:Creating package descriptor '/home/wilhem/NTNU_ROV_COM/sup_com/src/install/sup_com/share/sup_com/package.dsv'
[0.802s] INFO:colcon.colcon_core.shell:Creating package script '/home/wilhem/NTNU_ROV_COM/sup_com/src/install/sup_com/share/sup_com/package.sh'
[0.803s] INFO:colcon.colcon_core.shell:Creating package script '/home/wilhem/NTNU_ROV_COM/sup_com/src/install/sup_com/share/sup_com/package.bash'
[0.804s] INFO:colcon.colcon_core.shell:Creating package script '/home/wilhem/NTNU_ROV_COM/sup_com/src/install/sup_com/share/sup_com/package.zsh'
[0.806s] Level 1:colcon.colcon_core.environment:create_file_with_runtime_dependencies(/home/wilhem/NTNU_ROV_COM/sup_com/src/install/sup_com/share/colcon-core/packages/sup_com)
[0.850s] Level 1:colcon.colcon_core.environment:create_environment_scripts_only(sup_com)
[0.853s] Level 1:colcon.colcon_core.environment:checking '/home/wilhem/NTNU_ROV_COM/sup_com/src/install/sup_com' for CMake module files
[0.854s] Level 1:colcon.colcon_core.environment:checking '/home/wilhem/NTNU_ROV_COM/sup_com/src/install/sup_com' for CMake config files
[0.854s] Level 1:colcon.colcon_core.shell:create_environment_hook('sup_com', 'cmake_prefix_path')
[0.857s] INFO:colcon.colcon_core.shell:Creating environment hook '/home/wilhem/NTNU_ROV_COM/sup_com/src/install/sup_com/share/sup_com/hook/cmake_prefix_path.ps1'
[0.857s] INFO:colcon.colcon_core.shell:Creating environment descriptor '/home/wilhem/NTNU_ROV_COM/sup_com/src/install/sup_com/share/sup_com/hook/cmake_prefix_path.dsv'
[0.858s] INFO:colcon.colcon_core.shell:Creating environment hook '/home/wilhem/NTNU_ROV_COM/sup_com/src/install/sup_com/share/sup_com/hook/cmake_prefix_path.sh'
[0.858s] Level 1:colcon.colcon_core.environment:checking '/home/wilhem/NTNU_ROV_COM/sup_com/src/install/sup_com/lib'
[0.859s] Level 1:colcon.colcon_core.environment:checking '/home/wilhem/NTNU_ROV_COM/sup_com/src/install/sup_com/bin'
[0.859s] Level 1:colcon.colcon_core.environment:checking '/home/wilhem/NTNU_ROV_COM/sup_com/src/install/sup_com/lib/pkgconfig/sup_com.pc'
[0.859s] Level 1:colcon.colcon_core.environment:checking '/home/wilhem/NTNU_ROV_COM/sup_com/src/install/sup_com/lib/python3.10/site-packages'
[0.859s] Level 1:colcon.colcon_core.environment:checking '/home/wilhem/NTNU_ROV_COM/sup_com/src/install/sup_com/bin'
[0.862s] INFO:colcon.colcon_core.shell:Creating package script '/home/wilhem/NTNU_ROV_COM/sup_com/src/install/sup_com/share/sup_com/package.ps1'
[0.863s] INFO:colcon.colcon_core.shell:Creating package descriptor '/home/wilhem/NTNU_ROV_COM/sup_com/src/install/sup_com/share/sup_com/package.dsv'
[0.864s] INFO:colcon.colcon_core.shell:Creating package script '/home/wilhem/NTNU_ROV_COM/sup_com/src/install/sup_com/share/sup_com/package.sh'
[0.865s] INFO:colcon.colcon_core.shell:Creating package script '/home/wilhem/NTNU_ROV_COM/sup_com/src/install/sup_com/share/sup_com/package.bash'
[0.865s] INFO:colcon.colcon_core.shell:Creating package script '/home/wilhem/NTNU_ROV_COM/sup_com/src/install/sup_com/share/sup_com/package.zsh'
[0.866s] Level 1:colcon.colcon_core.environment:create_file_with_runtime_dependencies(/home/wilhem/NTNU_ROV_COM/sup_com/src/install/sup_com/share/colcon-core/packages/sup_com)
[0.867s] DEBUG:colcon.colcon_parallel_executor.executor.parallel:closing loop
[0.867s] DEBUG:colcon.colcon_parallel_executor.executor.parallel:loop closed
[0.867s] DEBUG:colcon.colcon_parallel_executor.executor.parallel:run_until_complete finished with '0'
[0.867s] DEBUG:colcon.colcon_core.event_reactor:joining thread
[0.874s] INFO:colcon.colcon_core.plugin_system:Skipping extension 'colcon_notification.desktop_notification.terminal_notifier': Not used on non-Darwin systems
[0.874s] INFO:colcon.colcon_core.plugin_system:Skipping extension 'colcon_notification.desktop_notification.win32': Not used on non-Windows systems
[0.874s] INFO:colcon.colcon_notification.desktop_notification:Sending desktop notification using 'notify2'
[0.894s] DEBUG:colcon.colcon_core.event_reactor:joined thread
[0.896s] INFO:colcon.colcon_core.shell:Creating prefix script '/home/wilhem/NTNU_ROV_COM/sup_com/src/install/local_setup.ps1'
[0.898s] INFO:colcon.colcon_core.shell:Creating prefix util module '/home/wilhem/NTNU_ROV_COM/sup_com/src/install/_local_setup_util_ps1.py'
[0.900s] INFO:colcon.colcon_core.shell:Creating prefix chain script '/home/wilhem/NTNU_ROV_COM/sup_com/src/install/setup.ps1'
[0.903s] INFO:colcon.colcon_core.shell:Creating prefix script '/home/wilhem/NTNU_ROV_COM/sup_com/src/install/local_setup.sh'
[0.904s] INFO:colcon.colcon_core.shell:Creating prefix util module '/home/wilhem/NTNU_ROV_COM/sup_com/src/install/_local_setup_util_sh.py'
[0.904s] INFO:colcon.colcon_core.shell:Creating prefix chain script '/home/wilhem/NTNU_ROV_COM/sup_com/src/install/setup.sh'
[0.914s] INFO:colcon.colcon_core.shell:Creating prefix script '/home/wilhem/NTNU_ROV_COM/sup_com/src/install/local_setup.bash'
[0.915s] INFO:colcon.colcon_core.shell:Creating prefix chain script '/home/wilhem/NTNU_ROV_COM/sup_com/src/install/setup.bash'
[0.917s] INFO:colcon.colcon_core.shell:Creating prefix script '/home/wilhem/NTNU_ROV_COM/sup_com/src/install/local_setup.zsh'
[0.918s] INFO:colcon.colcon_core.shell:Creating prefix chain script '/home/wilhem/NTNU_ROV_COM/sup_com/src/install/setup.zsh'
