[35m[1mConsolidate compiler generated dependencies of target nodeTalker[0m
[ 25%] Built target talker
[ 50%] Built target masterListener
[ 62%] [32mBuilding CXX object CMakeFiles/nodeTalker.dir/src/publish_to_slave.cpp.o[0m
[ 87%] Built target listener
[100%] [32m[1mLinking CXX executable nodeTalker[0m
[100%] Built target nodeTalker
-- Install configuration: ""
-- Up-to-date: /home/wilhem/NTNU_ROV_COM/sup_com/src/install/sup_com/lib/sup_com/talker
-- Up-to-date: /home/wilhem/NTNU_ROV_COM/sup_com/src/install/sup_com/lib/sup_com/talker
-- Up-to-date: /home/wilhem/NTNU_ROV_COM/sup_com/src/install/sup_com/lib/sup_com/listener
-- Up-to-date: /home/wilhem/NTNU_ROV_COM/sup_com/src/install/sup_com/lib/sup_com/talker
-- Up-to-date: /home/wilhem/NTNU_ROV_COM/sup_com/src/install/sup_com/lib/sup_com/listener
-- Installing: /home/wilhem/NTNU_ROV_COM/sup_com/src/install/sup_com/lib/sup_com/nodeTalker
-- Set runtime path of "/home/wilhem/NTNU_ROV_COM/sup_com/src/install/sup_com/lib/sup_com/nodeTalker" to ""
-- Up-to-date: /home/wilhem/NTNU_ROV_COM/sup_com/src/install/sup_com/lib/sup_com/talker
-- Up-to-date: /home/wilhem/NTNU_ROV_COM/sup_com/src/install/sup_com/lib/sup_com/listener
-- Up-to-date: /home/wilhem/NTNU_ROV_COM/sup_com/src/install/sup_com/lib/sup_com/nodeTalker
-- Up-to-date: /home/wilhem/NTNU_ROV_COM/sup_com/src/install/sup_com/lib/sup_com/masterListener
-- Up-to-date: /home/wilhem/NTNU_ROV_COM/sup_com/src/install/sup_com/share/ament_index/resource_index/package_run_dependencies/sup_com
-- Up-to-date: /home/wilhem/NTNU_ROV_COM/sup_com/src/install/sup_com/share/ament_index/resource_index/parent_prefix_path/sup_com
-- Up-to-date: /home/wilhem/NTNU_ROV_COM/sup_com/src/install/sup_com/share/sup_com/environment/ament_prefix_path.sh
-- Up-to-date: /home/wilhem/NTNU_ROV_COM/sup_com/src/install/sup_com/share/sup_com/environment/ament_prefix_path.dsv
-- Up-to-date: /home/wilhem/NTNU_ROV_COM/sup_com/src/install/sup_com/share/sup_com/environment/path.sh
-- Up-to-date: /home/wilhem/NTNU_ROV_COM/sup_com/src/install/sup_com/share/sup_com/environment/path.dsv
-- Up-to-date: /home/wilhem/NTNU_ROV_COM/sup_com/src/install/sup_com/share/sup_com/local_setup.bash
-- Up-to-date: /home/wilhem/NTNU_ROV_COM/sup_com/src/install/sup_com/share/sup_com/local_setup.sh
-- Up-to-date: /home/wilhem/NTNU_ROV_COM/sup_com/src/install/sup_com/share/sup_com/local_setup.zsh
-- Up-to-date: /home/wilhem/NTNU_ROV_COM/sup_com/src/install/sup_com/share/sup_com/local_setup.dsv
-- Installing: /home/wilhem/NTNU_ROV_COM/sup_com/src/install/sup_com/share/sup_com/package.dsv
-- Up-to-date: /home/wilhem/NTNU_ROV_COM/sup_com/src/install/sup_com/share/ament_index/resource_index/packages/sup_com
-- Up-to-date: /home/wilhem/NTNU_ROV_COM/sup_com/src/install/sup_com/share/sup_com/cmake/sup_comConfig.cmake
-- Up-to-date: /home/wilhem/NTNU_ROV_COM/sup_com/src/install/sup_com/share/sup_com/cmake/sup_comConfig-version.cmake
-- Up-to-date: /home/wilhem/NTNU_ROV_COM/sup_com/src/install/sup_com/share/sup_com/package.xml
