[0.032s] Invoking command in '/home/wilhem/NTNU_ROV_COM/sup_com/src/build/sup_com': CMAKE_PREFIX_PATH=${CMAKE_PREFIX_PATH}:/home/wilhem/ros2_ws/install/my_pkg_test:/opt/ros/humble /usr/bin/cmake --build /home/wilhem/NTNU_ROV_COM/sup_com/src/build/sup_com -- -j4 -l4
[0.091s] [35m[1mConsolidate compiler generated dependencies of target listener[0m
[0.091s] [35m[1mConsolidate compiler generated dependencies of target talker[0m
[0.099s] [ 25%] Built target masterListener
[0.117s] [ 50%] Built target talker
[0.118s] [ 75%] Built target listener
[0.122s] [ 87%] [32mBuilding CXX object CMakeFiles/nodeTalker.dir/src/publish_to_slave.cpp.o[0m
[6.503s] [100%] [32m[1mLinking CXX executable nodeTalker[0m
[6.791s] [100%] Built target nodeTalker
[6.803s] Invoked command in '/home/wilhem/NTNU_ROV_COM/sup_com/src/build/sup_com' returned '0': CMAKE_PREFIX_PATH=${CMAKE_PREFIX_PATH}:/home/wilhem/ros2_ws/install/my_pkg_test:/opt/ros/humble /usr/bin/cmake --build /home/wilhem/NTNU_ROV_COM/sup_com/src/build/sup_com -- -j4 -l4
[6.856s] Invoking command in '/home/wilhem/NTNU_ROV_COM/sup_com/src/build/sup_com': CMAKE_PREFIX_PATH=${CMAKE_PREFIX_PATH}:/home/wilhem/ros2_ws/install/my_pkg_test:/opt/ros/humble /usr/bin/cmake --install /home/wilhem/NTNU_ROV_COM/sup_com/src/build/sup_com
[6.864s] -- Install configuration: ""
[6.864s] -- Up-to-date: /home/wilhem/NTNU_ROV_COM/sup_com/src/install/sup_com/lib/sup_com/talker
[6.864s] -- Up-to-date: /home/wilhem/NTNU_ROV_COM/sup_com/src/install/sup_com/lib/sup_com/talker
[6.865s] -- Up-to-date: /home/wilhem/NTNU_ROV_COM/sup_com/src/install/sup_com/lib/sup_com/listener
[6.865s] -- Up-to-date: /home/wilhem/NTNU_ROV_COM/sup_com/src/install/sup_com/lib/sup_com/talker
[6.866s] -- Up-to-date: /home/wilhem/NTNU_ROV_COM/sup_com/src/install/sup_com/lib/sup_com/listener
[6.866s] -- Installing: /home/wilhem/NTNU_ROV_COM/sup_com/src/install/sup_com/lib/sup_com/nodeTalker
[6.868s] -- Set runtime path of "/home/wilhem/NTNU_ROV_COM/sup_com/src/install/sup_com/lib/sup_com/nodeTalker" to ""
[6.869s] -- Up-to-date: /home/wilhem/NTNU_ROV_COM/sup_com/src/install/sup_com/lib/sup_com/talker
[6.869s] -- Up-to-date: /home/wilhem/NTNU_ROV_COM/sup_com/src/install/sup_com/lib/sup_com/listener
[6.870s] -- Up-to-date: /home/wilhem/NTNU_ROV_COM/sup_com/src/install/sup_com/lib/sup_com/nodeTalker
[6.870s] -- Up-to-date: /home/wilhem/NTNU_ROV_COM/sup_com/src/install/sup_com/lib/sup_com/masterListener
[6.870s] -- Up-to-date: /home/wilhem/NTNU_ROV_COM/sup_com/src/install/sup_com/share/ament_index/resource_index/package_run_dependencies/sup_com
[6.871s] -- Up-to-date: /home/wilhem/NTNU_ROV_COM/sup_com/src/install/sup_com/share/ament_index/resource_index/parent_prefix_path/sup_com
[6.871s] -- Up-to-date: /home/wilhem/NTNU_ROV_COM/sup_com/src/install/sup_com/share/sup_com/environment/ament_prefix_path.sh
[6.871s] -- Up-to-date: /home/wilhem/NTNU_ROV_COM/sup_com/src/install/sup_com/share/sup_com/environment/ament_prefix_path.dsv
[6.871s] -- Up-to-date: /home/wilhem/NTNU_ROV_COM/sup_com/src/install/sup_com/share/sup_com/environment/path.sh
[6.871s] -- Up-to-date: /home/wilhem/NTNU_ROV_COM/sup_com/src/install/sup_com/share/sup_com/environment/path.dsv
[6.872s] -- Up-to-date: /home/wilhem/NTNU_ROV_COM/sup_com/src/install/sup_com/share/sup_com/local_setup.bash
[6.872s] -- Up-to-date: /home/wilhem/NTNU_ROV_COM/sup_com/src/install/sup_com/share/sup_com/local_setup.sh
[6.872s] -- Up-to-date: /home/wilhem/NTNU_ROV_COM/sup_com/src/install/sup_com/share/sup_com/local_setup.zsh
[6.872s] -- Up-to-date: /home/wilhem/NTNU_ROV_COM/sup_com/src/install/sup_com/share/sup_com/local_setup.dsv
[6.872s] -- Installing: /home/wilhem/NTNU_ROV_COM/sup_com/src/install/sup_com/share/sup_com/package.dsv
[6.873s] -- Up-to-date: /home/wilhem/NTNU_ROV_COM/sup_com/src/install/sup_com/share/ament_index/resource_index/packages/sup_com
[6.873s] -- Up-to-date: /home/wilhem/NTNU_ROV_COM/sup_com/src/install/sup_com/share/sup_com/cmake/sup_comConfig.cmake
[6.873s] -- Up-to-date: /home/wilhem/NTNU_ROV_COM/sup_com/src/install/sup_com/share/sup_com/cmake/sup_comConfig-version.cmake
[6.873s] -- Up-to-date: /home/wilhem/NTNU_ROV_COM/sup_com/src/install/sup_com/share/sup_com/package.xml
[6.877s] Invoked command in '/home/wilhem/NTNU_ROV_COM/sup_com/src/build/sup_com' returned '0': CMAKE_PREFIX_PATH=${CMAKE_PREFIX_PATH}:/home/wilhem/ros2_ws/install/my_pkg_test:/opt/ros/humble /usr/bin/cmake --install /home/wilhem/NTNU_ROV_COM/sup_com/src/build/sup_com
