[0.059s] Invoking command in '/home/wilhem/NTNU_ROV_COM/sup_com/src/build/sup_com': CMAKE_PREFIX_PATH=${CMAKE_PREFIX_PATH}:/home/wilhem/ros2_ws/install/my_pkg_test:/opt/ros/humble /usr/bin/cmake --build /home/wilhem/NTNU_ROV_COM/sup_com/src/build/sup_com -- -j4 -l4
[0.265s] [35m[1mConsolidate compiler generated dependencies of target talker[0m
[0.268s] [35m[1mConsolidate compiler generated dependencies of target masterListener[0m
[0.274s] [35m[1mConsolidate compiler generated dependencies of target listener[0m
[0.332s] [35m[1mConsolidate compiler generated dependencies of target nodeTalker[0m
[0.368s] [ 25%] Built target masterListener
[0.385s] [ 50%] Built target talker
[0.386s] [ 75%] Built target listener
[0.399s] [ 87%] [32mBuilding CXX object CMakeFiles/nodeTalker.dir/src/publish_to_slave.cpp.o[0m
[7.900s] [100%] [32m[1mLinking CXX executable nodeTalker[0m
[8.251s] [100%] Built target nodeTalker
[8.266s] Invoked command in '/home/wilhem/NTNU_ROV_COM/sup_com/src/build/sup_com' returned '0': CMAKE_PREFIX_PATH=${CMAKE_PREFIX_PATH}:/home/wilhem/ros2_ws/install/my_pkg_test:/opt/ros/humble /usr/bin/cmake --build /home/wilhem/NTNU_ROV_COM/sup_com/src/build/sup_com -- -j4 -l4
[8.340s] Invoking command in '/home/wilhem/NTNU_ROV_COM/sup_com/src/build/sup_com': CMAKE_PREFIX_PATH=${CMAKE_PREFIX_PATH}:/home/wilhem/ros2_ws/install/my_pkg_test:/opt/ros/humble /usr/bin/cmake --install /home/wilhem/NTNU_ROV_COM/sup_com/src/build/sup_com
[8.351s] -- Install configuration: ""
[8.353s] -- Up-to-date: /home/wilhem/NTNU_ROV_COM/sup_com/src/install/sup_com/lib/sup_com/talker
[8.354s] -- Up-to-date: /home/wilhem/NTNU_ROV_COM/sup_com/src/install/sup_com/lib/sup_com/talker
[8.355s] -- Up-to-date: /home/wilhem/NTNU_ROV_COM/sup_com/src/install/sup_com/lib/sup_com/listener
[8.356s] -- Up-to-date: /home/wilhem/NTNU_ROV_COM/sup_com/src/install/sup_com/lib/sup_com/talker
[8.357s] -- Up-to-date: /home/wilhem/NTNU_ROV_COM/sup_com/src/install/sup_com/lib/sup_com/listener
[8.361s] -- Installing: /home/wilhem/NTNU_ROV_COM/sup_com/src/install/sup_com/lib/sup_com/nodeTalker
[8.362s] -- Set runtime path of "/home/wilhem/NTNU_ROV_COM/sup_com/src/install/sup_com/lib/sup_com/nodeTalker" to ""
[8.363s] -- Up-to-date: /home/wilhem/NTNU_ROV_COM/sup_com/src/install/sup_com/lib/sup_com/talker
[8.364s] -- Up-to-date: /home/wilhem/NTNU_ROV_COM/sup_com/src/install/sup_com/lib/sup_com/listener
[8.365s] -- Up-to-date: /home/wilhem/NTNU_ROV_COM/sup_com/src/install/sup_com/lib/sup_com/nodeTalker
[8.365s] -- Up-to-date: /home/wilhem/NTNU_ROV_COM/sup_com/src/install/sup_com/lib/sup_com/masterListener
[8.366s] -- Up-to-date: /home/wilhem/NTNU_ROV_COM/sup_com/src/install/sup_com/share/ament_index/resource_index/package_run_dependencies/sup_com
[8.366s] -- Up-to-date: /home/wilhem/NTNU_ROV_COM/sup_com/src/install/sup_com/share/ament_index/resource_index/parent_prefix_path/sup_com
[8.367s] -- Up-to-date: /home/wilhem/NTNU_ROV_COM/sup_com/src/install/sup_com/share/sup_com/environment/ament_prefix_path.sh
[8.367s] -- Up-to-date: /home/wilhem/NTNU_ROV_COM/sup_com/src/install/sup_com/share/sup_com/environment/ament_prefix_path.dsv
[8.367s] -- Up-to-date: /home/wilhem/NTNU_ROV_COM/sup_com/src/install/sup_com/share/sup_com/environment/path.sh
[8.368s] -- Up-to-date: /home/wilhem/NTNU_ROV_COM/sup_com/src/install/sup_com/share/sup_com/environment/path.dsv
[8.368s] -- Up-to-date: /home/wilhem/NTNU_ROV_COM/sup_com/src/install/sup_com/share/sup_com/local_setup.bash
[8.368s] -- Up-to-date: /home/wilhem/NTNU_ROV_COM/sup_com/src/install/sup_com/share/sup_com/local_setup.sh
[8.369s] -- Up-to-date: /home/wilhem/NTNU_ROV_COM/sup_com/src/install/sup_com/share/sup_com/local_setup.zsh
[8.369s] -- Up-to-date: /home/wilhem/NTNU_ROV_COM/sup_com/src/install/sup_com/share/sup_com/local_setup.dsv
[8.369s] -- Installing: /home/wilhem/NTNU_ROV_COM/sup_com/src/install/sup_com/share/sup_com/package.dsv
[8.370s] -- Up-to-date: /home/wilhem/NTNU_ROV_COM/sup_com/src/install/sup_com/share/ament_index/resource_index/packages/sup_com
[8.371s] -- Up-to-date: /home/wilhem/NTNU_ROV_COM/sup_com/src/install/sup_com/share/sup_com/cmake/sup_comConfig.cmake
[8.371s] -- Up-to-date: /home/wilhem/NTNU_ROV_COM/sup_com/src/install/sup_com/share/sup_com/cmake/sup_comConfig-version.cmake
[8.371s] -- Up-to-date: /home/wilhem/NTNU_ROV_COM/sup_com/src/install/sup_com/share/sup_com/package.xml
[8.376s] Invoked command in '/home/wilhem/NTNU_ROV_COM/sup_com/src/build/sup_com' returned '0': CMAKE_PREFIX_PATH=${CMAKE_PREFIX_PATH}:/home/wilhem/ros2_ws/install/my_pkg_test:/opt/ros/humble /usr/bin/cmake --install /home/wilhem/NTNU_ROV_COM/sup_com/src/build/sup_com
