[0.525s] DEBUG:colcon:Command line arguments: ['/usr/bin/colcon', 'build']
[0.526s] DEBUG:colcon:Parsed command line arguments: Namespace(log_base=None, log_level=None, verb_name='build', build_base='build', install_base='install', merge_install=False, symlink_install=False, test_result_base=None, continue_on_error=False, executor='parallel', parallel_workers=4, event_handlers=None, ignore_user_meta=False, metas=['./colcon.meta'], base_paths=['.'], packages_ignore=None, packages_ignore_regex=None, paths=None, packages_up_to=None, packages_up_to_regex=None, packages_above=None, packages_above_and_dependencies=None, packages_above_depth=None, packages_select_by_dep=None, packages_skip_by_dep=None, packages_skip_up_to=None, packages_select_build_failed=False, packages_skip_build_finished=False, packages_select_test_failures=False, packages_skip_test_passed=False, packages_select=None, packages_skip=None, packages_select_regex=None, packages_skip_regex=None, packages_start=None, packages_end=None, allow_overriding=[], cmake_args=None, cmake_target=None, cmake_target_skip_unavailable=False, cmake_clean_cache=False, cmake_clean_first=False, cmake_force_configure=False, ament_cmake_args=None, catkin_cmake_args=None, catkin_skip_building_tests=False, verb_parser=<colcon_defaults.argument_parser.defaults.DefaultArgumentsDecorator object at 0x7f4255b1e4a0>, verb_extension=<colcon_core.verb.build.BuildVerb object at 0x7f4255b1df30>, main=<bound method BuildVerb.main of <colcon_core.verb.build.BuildVerb object at 0x7f4255b1df30>>)
[0.586s] Level 1:colcon.colcon_core.package_discovery:discover_packages(colcon_meta) check parameters
[0.586s] Level 1:colcon.colcon_core.package_discovery:discover_packages(recursive) check parameters
[0.586s] Level 1:colcon.colcon_core.package_discovery:discover_packages(ignore) check parameters
[0.586s] Level 1:colcon.colcon_core.package_discovery:discover_packages(path) check parameters
[0.586s] Level 1:colcon.colcon_core.package_discovery:discover_packages(colcon_meta) discover
[0.587s] Level 1:colcon.colcon_core.package_discovery:discover_packages(recursive) discover
[0.587s] INFO:colcon.colcon_core.package_discovery:Crawling recursively for packages in '/home/wilhem/NTNU_ROV_COM/sup_com/src'
[0.587s] Level 1:colcon.colcon_core.package_identification:_identify(.) by extensions ['ignore', 'ignore_ament_install']
[0.587s] Level 1:colcon.colcon_core.package_identification:_identify(.) by extension 'ignore'
[0.587s] Level 1:colcon.colcon_core.package_identification:_identify(.) by extension 'ignore_ament_install'
[0.588s] Level 1:colcon.colcon_core.package_identification:_identify(.) by extensions ['colcon_pkg']
[0.588s] Level 1:colcon.colcon_core.package_identification:_identify(.) by extension 'colcon_pkg'
[0.588s] Level 1:colcon.colcon_core.package_identification:_identify(.) by extensions ['colcon_meta']
[0.588s] Level 1:colcon.colcon_core.package_identification:_identify(.) by extension 'colcon_meta'
[0.588s] Level 1:colcon.colcon_core.package_identification:_identify(.) by extensions ['ros']
[0.588s] Level 1:colcon.colcon_core.package_identification:_identify(.) by extension 'ros'
[0.617s] Level 1:colcon.colcon_core.package_identification:_identify(.) by extensions ['cmake', 'python']
[0.617s] Level 1:colcon.colcon_core.package_identification:_identify(.) by extension 'cmake'
[0.617s] Level 1:colcon.colcon_core.package_identification:_identify(.) by extension 'python'
[0.617s] Level 1:colcon.colcon_core.package_identification:_identify(.) by extensions ['python_setup_py']
[0.617s] Level 1:colcon.colcon_core.package_identification:_identify(.) by extension 'python_setup_py'
[0.618s] Level 1:colcon.colcon_core.package_identification:_identify(build) by extensions ['ignore', 'ignore_ament_install']
[0.618s] Level 1:colcon.colcon_core.package_identification:_identify(build) by extension 'ignore'
[0.618s] Level 1:colcon.colcon_core.package_identification:_identify(build) ignored
[0.618s] Level 1:colcon.colcon_core.package_identification:_identify(install) by extensions ['ignore', 'ignore_ament_install']
[0.619s] Level 1:colcon.colcon_core.package_identification:_identify(install) by extension 'ignore'
[0.619s] Level 1:colcon.colcon_core.package_identification:_identify(install) ignored
[0.619s] Level 1:colcon.colcon_core.package_identification:_identify(log) by extensions ['ignore', 'ignore_ament_install']
[0.620s] Level 1:colcon.colcon_core.package_identification:_identify(log) by extension 'ignore'
[0.620s] Level 1:colcon.colcon_core.package_identification:_identify(log) ignored
[0.620s] Level 1:colcon.colcon_core.package_identification:_identify(sup_com) by extensions ['ignore', 'ignore_ament_install']
[0.620s] Level 1:colcon.colcon_core.package_identification:_identify(sup_com) by extension 'ignore'
[0.620s] Level 1:colcon.colcon_core.package_identification:_identify(sup_com) by extension 'ignore_ament_install'
[0.621s] Level 1:colcon.colcon_core.package_identification:_identify(sup_com) by extensions ['colcon_pkg']
[0.621s] Level 1:colcon.colcon_core.package_identification:_identify(sup_com) by extension 'colcon_pkg'
[0.621s] Level 1:colcon.colcon_core.package_identification:_identify(sup_com) by extensions ['colcon_meta']
[0.621s] Level 1:colcon.colcon_core.package_identification:_identify(sup_com) by extension 'colcon_meta'
[0.621s] Level 1:colcon.colcon_core.package_identification:_identify(sup_com) by extensions ['ros']
[0.621s] Level 1:colcon.colcon_core.package_identification:_identify(sup_com) by extension 'ros'
[0.627s] DEBUG:colcon.colcon_core.package_identification:Package 'sup_com' with type 'ros.ament_cmake' and name 'sup_com'
[0.627s] Level 1:colcon.colcon_core.package_discovery:discover_packages(recursive) using defaults
[0.627s] Level 1:colcon.colcon_core.package_discovery:discover_packages(ignore) discover
[0.627s] Level 1:colcon.colcon_core.package_discovery:discover_packages(ignore) using defaults
[0.627s] Level 1:colcon.colcon_core.package_discovery:discover_packages(path) discover
[0.627s] Level 1:colcon.colcon_core.package_discovery:discover_packages(path) using defaults
[0.692s] Level 1:colcon.colcon_core.package_discovery:discover_packages(prefix_path) check parameters
[0.693s] Level 1:colcon.colcon_core.package_discovery:discover_packages(prefix_path) discover
[0.704s] DEBUG:colcon.colcon_installed_package_information.package_discovery:Found 1 installed packages in /home/wilhem/NTNU_ROV_COM/sup_com/src/install
[0.706s] DEBUG:colcon.colcon_installed_package_information.package_discovery:Found 1 installed packages in /home/wilhem/ros2_ws/install
[0.709s] DEBUG:colcon.colcon_installed_package_information.package_discovery:Found 270 installed packages in /opt/ros/humble
[0.713s] Level 1:colcon.colcon_core.package_discovery:discover_packages(prefix_path) using defaults
[0.854s] Level 5:colcon.colcon_core.verb:set package 'sup_com' build argument 'cmake_args' from command line to 'None'
[0.854s] Level 5:colcon.colcon_core.verb:set package 'sup_com' build argument 'cmake_target' from command line to 'None'
[0.854s] Level 5:colcon.colcon_core.verb:set package 'sup_com' build argument 'cmake_target_skip_unavailable' from command line to 'False'
[0.854s] Level 5:colcon.colcon_core.verb:set package 'sup_com' build argument 'cmake_clean_cache' from command line to 'False'
[0.854s] Level 5:colcon.colcon_core.verb:set package 'sup_com' build argument 'cmake_clean_first' from command line to 'False'
[0.854s] Level 5:colcon.colcon_core.verb:set package 'sup_com' build argument 'cmake_force_configure' from command line to 'False'
[0.854s] Level 5:colcon.colcon_core.verb:set package 'sup_com' build argument 'ament_cmake_args' from command line to 'None'
[0.854s] Level 5:colcon.colcon_core.verb:set package 'sup_com' build argument 'catkin_cmake_args' from command line to 'None'
[0.854s] Level 5:colcon.colcon_core.verb:set package 'sup_com' build argument 'catkin_skip_building_tests' from command line to 'False'
[0.855s] DEBUG:colcon.colcon_core.verb:Building package 'sup_com' with the following arguments: {'ament_cmake_args': None, 'build_base': '/home/wilhem/NTNU_ROV_COM/sup_com/src/build/sup_com', 'catkin_cmake_args': None, 'catkin_skip_building_tests': False, 'cmake_args': None, 'cmake_clean_cache': False, 'cmake_clean_first': False, 'cmake_force_configure': False, 'cmake_target': None, 'cmake_target_skip_unavailable': False, 'install_base': '/home/wilhem/NTNU_ROV_COM/sup_com/src/install/sup_com', 'merge_install': False, 'path': '/home/wilhem/NTNU_ROV_COM/sup_com/src/sup_com', 'symlink_install': False, 'test_result_base': None}
[0.856s] INFO:colcon.colcon_core.executor:Executing jobs using 'parallel' executor
[0.862s] DEBUG:colcon.colcon_parallel_executor.executor.parallel:run_until_complete
[0.863s] INFO:colcon.colcon_ros.task.ament_cmake.build:Building ROS package in '/home/wilhem/NTNU_ROV_COM/sup_com/src/sup_com' with build type 'ament_cmake'
[0.863s] INFO:colcon.colcon_cmake.task.cmake.build:Building CMake package in '/home/wilhem/NTNU_ROV_COM/sup_com/src/sup_com'
[0.874s] INFO:colcon.colcon_core.plugin_system:Skipping extension 'colcon_core.shell.bat': Not used on non-Windows systems
[0.875s] INFO:colcon.colcon_core.shell:Skip shell extension 'powershell' for command environment: Not usable outside of PowerShell
[0.875s] DEBUG:colcon.colcon_core.shell:Skip shell extension 'dsv' for command environment
[0.905s] DEBUG:colcon.colcon_core.event_handler.log_command:Invoking command in '/home/wilhem/NTNU_ROV_COM/sup_com/src/build/sup_com': CMAKE_PREFIX_PATH=${CMAKE_PREFIX_PATH}:/home/wilhem/ros2_ws/install/my_pkg_test:/opt/ros/humble /usr/bin/cmake --build /home/wilhem/NTNU_ROV_COM/sup_com/src/build/sup_com -- -j4 -l4
[20.962s] DEBUG:colcon.colcon_core.event_handler.log_command:Invoked command in '/home/wilhem/NTNU_ROV_COM/sup_com/src/build/sup_com' returned '0': CMAKE_PREFIX_PATH=${CMAKE_PREFIX_PATH}:/home/wilhem/ros2_ws/install/my_pkg_test:/opt/ros/humble /usr/bin/cmake --build /home/wilhem/NTNU_ROV_COM/sup_com/src/build/sup_com -- -j4 -l4
[21.082s] DEBUG:colcon.colcon_core.event_handler.log_command:Invoking command in '/home/wilhem/NTNU_ROV_COM/sup_com/src/build/sup_com': CMAKE_PREFIX_PATH=${CMAKE_PREFIX_PATH}:/home/wilhem/ros2_ws/install/my_pkg_test:/opt/ros/humble /usr/bin/cmake --install /home/wilhem/NTNU_ROV_COM/sup_com/src/build/sup_com
[21.136s] Level 1:colcon.colcon_core.environment:create_environment_scripts_only(sup_com)
[21.141s] DEBUG:colcon.colcon_core.event_handler.log_command:Invoked command in '/home/wilhem/NTNU_ROV_COM/sup_com/src/build/sup_com' returned '0': CMAKE_PREFIX_PATH=${CMAKE_PREFIX_PATH}:/home/wilhem/ros2_ws/install/my_pkg_test:/opt/ros/humble /usr/bin/cmake --install /home/wilhem/NTNU_ROV_COM/sup_com/src/build/sup_com
[21.200s] Level 1:colcon.colcon_core.environment:checking '/home/wilhem/NTNU_ROV_COM/sup_com/src/install/sup_com' for CMake module files
[21.204s] Level 1:colcon.colcon_core.environment:checking '/home/wilhem/NTNU_ROV_COM/sup_com/src/install/sup_com' for CMake config files
[21.206s] Level 1:colcon.colcon_core.shell:create_environment_hook('sup_com', 'cmake_prefix_path')
[21.211s] INFO:colcon.colcon_core.shell:Creating environment hook '/home/wilhem/NTNU_ROV_COM/sup_com/src/install/sup_com/share/sup_com/hook/cmake_prefix_path.ps1'
[21.214s] INFO:colcon.colcon_core.shell:Creating environment descriptor '/home/wilhem/NTNU_ROV_COM/sup_com/src/install/sup_com/share/sup_com/hook/cmake_prefix_path.dsv'
[21.215s] INFO:colcon.colcon_core.shell:Creating environment hook '/home/wilhem/NTNU_ROV_COM/sup_com/src/install/sup_com/share/sup_com/hook/cmake_prefix_path.sh'
[21.222s] Level 1:colcon.colcon_core.environment:checking '/home/wilhem/NTNU_ROV_COM/sup_com/src/install/sup_com/lib'
[21.222s] Level 1:colcon.colcon_core.environment:checking '/home/wilhem/NTNU_ROV_COM/sup_com/src/install/sup_com/bin'
[21.223s] Level 1:colcon.colcon_core.environment:checking '/home/wilhem/NTNU_ROV_COM/sup_com/src/install/sup_com/lib/pkgconfig/sup_com.pc'
[21.224s] Level 1:colcon.colcon_core.environment:checking '/home/wilhem/NTNU_ROV_COM/sup_com/src/install/sup_com/lib/python3.10/site-packages'
[21.225s] Level 1:colcon.colcon_core.environment:checking '/home/wilhem/NTNU_ROV_COM/sup_com/src/install/sup_com/bin'
[21.228s] INFO:colcon.colcon_core.shell:Creating package script '/home/wilhem/NTNU_ROV_COM/sup_com/src/install/sup_com/share/sup_com/package.ps1'
[21.230s] INFO:colcon.colcon_core.shell:Creating package descriptor '/home/wilhem/NTNU_ROV_COM/sup_com/src/install/sup_com/share/sup_com/package.dsv'
[21.232s] INFO:colcon.colcon_core.shell:Creating package script '/home/wilhem/NTNU_ROV_COM/sup_com/src/install/sup_com/share/sup_com/package.sh'
[21.233s] INFO:colcon.colcon_core.shell:Creating package script '/home/wilhem/NTNU_ROV_COM/sup_com/src/install/sup_com/share/sup_com/package.bash'
[21.235s] INFO:colcon.colcon_core.shell:Creating package script '/home/wilhem/NTNU_ROV_COM/sup_com/src/install/sup_com/share/sup_com/package.zsh'
[21.237s] Level 1:colcon.colcon_core.environment:create_file_with_runtime_dependencies(/home/wilhem/NTNU_ROV_COM/sup_com/src/install/sup_com/share/colcon-core/packages/sup_com)
[21.304s] Level 1:colcon.colcon_core.environment:create_environment_scripts_only(sup_com)
[21.309s] Level 1:colcon.colcon_core.environment:checking '/home/wilhem/NTNU_ROV_COM/sup_com/src/install/sup_com' for CMake module files
[21.310s] Level 1:colcon.colcon_core.environment:checking '/home/wilhem/NTNU_ROV_COM/sup_com/src/install/sup_com' for CMake config files
[21.311s] Level 1:colcon.colcon_core.shell:create_environment_hook('sup_com', 'cmake_prefix_path')
[21.314s] INFO:colcon.colcon_core.shell:Creating environment hook '/home/wilhem/NTNU_ROV_COM/sup_com/src/install/sup_com/share/sup_com/hook/cmake_prefix_path.ps1'
[21.315s] INFO:colcon.colcon_core.shell:Creating environment descriptor '/home/wilhem/NTNU_ROV_COM/sup_com/src/install/sup_com/share/sup_com/hook/cmake_prefix_path.dsv'
[21.315s] INFO:colcon.colcon_core.shell:Creating environment hook '/home/wilhem/NTNU_ROV_COM/sup_com/src/install/sup_com/share/sup_com/hook/cmake_prefix_path.sh'
[21.316s] Level 1:colcon.colcon_core.environment:checking '/home/wilhem/NTNU_ROV_COM/sup_com/src/install/sup_com/lib'
[21.316s] Level 1:colcon.colcon_core.environment:checking '/home/wilhem/NTNU_ROV_COM/sup_com/src/install/sup_com/bin'
[21.316s] Level 1:colcon.colcon_core.environment:checking '/home/wilhem/NTNU_ROV_COM/sup_com/src/install/sup_com/lib/pkgconfig/sup_com.pc'
[21.317s] Level 1:colcon.colcon_core.environment:checking '/home/wilhem/NTNU_ROV_COM/sup_com/src/install/sup_com/lib/python3.10/site-packages'
[21.317s] Level 1:colcon.colcon_core.environment:checking '/home/wilhem/NTNU_ROV_COM/sup_com/src/install/sup_com/bin'
[21.321s] INFO:colcon.colcon_core.shell:Creating package script '/home/wilhem/NTNU_ROV_COM/sup_com/src/install/sup_com/share/sup_com/package.ps1'
[21.324s] INFO:colcon.colcon_core.shell:Creating package descriptor '/home/wilhem/NTNU_ROV_COM/sup_com/src/install/sup_com/share/sup_com/package.dsv'
[21.325s] INFO:colcon.colcon_core.shell:Creating package script '/home/wilhem/NTNU_ROV_COM/sup_com/src/install/sup_com/share/sup_com/package.sh'
[21.326s] INFO:colcon.colcon_core.shell:Creating package script '/home/wilhem/NTNU_ROV_COM/sup_com/src/install/sup_com/share/sup_com/package.bash'
[21.327s] INFO:colcon.colcon_core.shell:Creating package script '/home/wilhem/NTNU_ROV_COM/sup_com/src/install/sup_com/share/sup_com/package.zsh'
[21.327s] Level 1:colcon.colcon_core.environment:create_file_with_runtime_dependencies(/home/wilhem/NTNU_ROV_COM/sup_com/src/install/sup_com/share/colcon-core/packages/sup_com)
[21.329s] DEBUG:colcon.colcon_parallel_executor.executor.parallel:closing loop
[21.330s] DEBUG:colcon.colcon_parallel_executor.executor.parallel:loop closed
[21.330s] DEBUG:colcon.colcon_parallel_executor.executor.parallel:run_until_complete finished with '0'
[21.330s] DEBUG:colcon.colcon_core.event_reactor:joining thread
[21.367s] INFO:colcon.colcon_core.plugin_system:Skipping extension 'colcon_notification.desktop_notification.terminal_notifier': Not used on non-Darwin systems
[21.367s] INFO:colcon.colcon_core.plugin_system:Skipping extension 'colcon_notification.desktop_notification.win32': Not used on non-Windows systems
[21.367s] INFO:colcon.colcon_notification.desktop_notification:Sending desktop notification using 'notify2'
[21.485s] DEBUG:colcon.colcon_core.event_reactor:joined thread
[21.490s] INFO:colcon.colcon_core.shell:Creating prefix script '/home/wilhem/NTNU_ROV_COM/sup_com/src/install/local_setup.ps1'
[21.502s] INFO:colcon.colcon_core.shell:Creating prefix util module '/home/wilhem/NTNU_ROV_COM/sup_com/src/install/_local_setup_util_ps1.py'
[21.509s] INFO:colcon.colcon_core.shell:Creating prefix chain script '/home/wilhem/NTNU_ROV_COM/sup_com/src/install/setup.ps1'
[21.515s] INFO:colcon.colcon_core.shell:Creating prefix script '/home/wilhem/NTNU_ROV_COM/sup_com/src/install/local_setup.sh'
[21.517s] INFO:colcon.colcon_core.shell:Creating prefix util module '/home/wilhem/NTNU_ROV_COM/sup_com/src/install/_local_setup_util_sh.py'
[21.518s] INFO:colcon.colcon_core.shell:Creating prefix chain script '/home/wilhem/NTNU_ROV_COM/sup_com/src/install/setup.sh'
[21.524s] INFO:colcon.colcon_core.shell:Creating prefix script '/home/wilhem/NTNU_ROV_COM/sup_com/src/install/local_setup.bash'
[21.526s] INFO:colcon.colcon_core.shell:Creating prefix chain script '/home/wilhem/NTNU_ROV_COM/sup_com/src/install/setup.bash'
[21.532s] INFO:colcon.colcon_core.shell:Creating prefix script '/home/wilhem/NTNU_ROV_COM/sup_com/src/install/local_setup.zsh'
[21.535s] INFO:colcon.colcon_core.shell:Creating prefix chain script '/home/wilhem/NTNU_ROV_COM/sup_com/src/install/setup.zsh'
